  source.c
C:\Users\ye162\source\repos\Project1\Project1\source.c(11,36): warning C4081: 'newline'이(가) 있어야 하는데 ';'이(가) 있습니다.
C:\Users\ye162\source\repos\Project1\Project1\source.c(78,16): warning C4018: '<': signed 또는 unsigned가 일치하지 않습니다.
C:\Users\ye162\source\repos\Project1\Project1\source.c(80,14): warning C4244: '함수': 'float'에서 'DWORD'(으)로 변환하면서 데이터가 손실될 수 있습니다.
C:\Users\ye162\source\repos\Project1\Project1\source.c(424,18): warning C4244: '함수': 'time_t'에서 'unsigned int'(으)로 변환하면서 데이터가 손실될 수 있습니다.
C:\Users\ye162\source\repos\Project1\Project1\source.c(493,38): warning C4554: '^': 연산자 우선 순위에 오류가 있는지 확인하세요. 괄호를 사용하여 우선 순위를 명확하게 지정하세요.
C:\Users\ye162\source\repos\Project1\Project1\source.c(502,39): warning C4554: '^': 연산자 우선 순위에 오류가 있는지 확인하세요. 괄호를 사용하여 우선 순위를 명확하게 지정하세요.
C:\Users\ye162\source\repos\Project1\Project1\source.c(416,6): warning C4101: 'population' :참조되지 않은 지역 변수입니다.
C:\Users\ye162\source\repos\Project1\Project1\source.c(580,32): warning C4305: '함수': 'double'에서 'float'(으)로 잘립니다.
C:\Users\ye162\source\repos\Project1\Project1\source.c(584,34): warning C4305: '함수': 'double'에서 'float'(으)로 잘립니다.
C:\Users\ye162\source\repos\Project1\Project1\source.c(585,32): warning C4305: '함수': 'double'에서 'float'(으)로 잘립니다.
C:\Users\ye162\source\repos\Project1\Project1\source.c(589,33): warning C4305: '함수': 'double'에서 'float'(으)로 잘립니다.
C:\Users\ye162\source\repos\Project1\Project1\source.c(590,33): warning C4305: '함수': 'double'에서 'float'(으)로 잘립니다.
C:\Users\ye162\source\repos\Project1\Project1\source.c(654,35): warning C4305: '함수': 'double'에서 'float'(으)로 잘립니다.
C:\Users\ye162\source\repos\Project1\Project1\source.c(663,35): warning C4305: '함수': 'double'에서 'float'(으)로 잘립니다.
C:\Users\ye162\source\repos\Project1\Project1\source.c(674,35): warning C4305: '함수': 'double'에서 'float'(으)로 잘립니다.
C:\Users\ye162\source\repos\Project1\Project1\source.c(685,35): warning C4305: '함수': 'double'에서 'float'(으)로 잘립니다.
C:\Users\ye162\source\repos\Project1\Project1\source.c(701,33): warning C4305: '함수': 'double'에서 'float'(으)로 잘립니다.
C:\Users\ye162\source\repos\Project1\Project1\source.c(710,34): warning C4305: '함수': 'double'에서 'float'(으)로 잘립니다.
C:\Users\ye162\source\repos\Project1\Project1\source.c(723,34): warning C4305: '함수': 'double'에서 'float'(으)로 잘립니다.
C:\Users\ye162\source\repos\Project1\Project1\source.c(736,34): warning C4305: '함수': 'double'에서 'float'(으)로 잘립니다.
C:\Users\ye162\source\repos\Project1\Project1\source.c(761,31): warning C4305: '함수': 'double'에서 'float'(으)로 잘립니다.
C:\Users\ye162\source\repos\Project1\Project1\source.c(401): warning C4715: 'happen': 모든 제어 경로에서 값을 반환하지는 않습니다.
  Project1.vcxproj -> C:\Users\ye162\source\repos\Project1\Debug\Project1.exe
